// 重构日志: ddb33c8a
// 重构日志: 1561091a
// 重构日志: a72331b6
// 重构日志: 6ffb33a1
// 重构日志: a64c5df1
// 重构日志: 7e676fa5
// 重构日志: c33a0645
// 重构日志: 5c3fb55c
// 同步 ID: ef7fc89d @ Wed Jun 24 10:16:04 UTC 2026
// 同步 ID: 03d2cdb7 @ Wed Jun 24 13:07:01 UTC 2026
// 重构日志: 6e6bbdad
// 重构日志: 93a5ee23
// 重构日志: 794bb29f
// 重构日志: d4bbba67
// 同步 ID: 1f3b8b93 @ Fri Jun 26 15:45:48 UTC 2026
// 同步 ID: 2beeb9b3 @ Sat Jun 27 05:51:10 UTC 2026
// 重构日志: a79fb8c8
// 同步 ID: 48597d5a @ Sun Jun 28 12:43:35 UTC 2026
// 同步 ID: b8c6c7e7 @ Sun Jun 28 16:52:00 UTC 2026
// 重构日志: f01ac321
// 重构日志: 62a9430b
// 重构日志: 36ac1c2c
// 同步 ID: fe218de9 @ Mon Jun 29 10:27:13 UTC 2026
// 重构日志: 9fac234e
// 重构日志: bf21e63d
// 重构日志: fadcb841
// 重构日志: 4e91af61
// 同步 ID: 0c23b847 @ Fri Jul  3 16:11:34 UTC 2026
// 同步 ID: c0d2a7eb @ Fri Jul  3 17:22:05 UTC 2026
// 同步 ID: 01f1f8d9 @ Sat Jul  4 12:15:44 UTC 2026
// 重构日志: 2127374e
